This is pdfTeX, Version 3.14159265-2.6-1.40.16 (TeX Live 2015) (preloaded format=pdflatex 2016.3.13)  20 MAR 2016 20:43
entering extended mode
 restricted \write18 enabled.
 file:line:error style messages enabled.
 %&-line parsing enabled.
**SystemMaintenance.tex
(./SystemMaintenance.tex
LaTeX2e <2016/02/01>
Babel <3.9q> and hyphenation patterns for 81 language(s) loaded.
(/usr/local/texlive/2015/texmf-dist/tex/latex/base/report.cls
Document Class: report 2014/09/29 v1.4h Standard LaTeX document class
(/usr/local/texlive/2015/texmf-dist/tex/latex/base/size11.clo
File: size11.clo 2014/09/29 v1.4h Standard LaTeX file (size option)
)
\c@part=\count79
\c@chapter=\count80
\c@section=\count81
\c@subsection=\count82
\c@subsubsection=\count83
\c@paragraph=\count84
\c@subparagraph=\count85
\c@figure=\count86
\c@table=\count87
\abovecaptionskip=\skip41
\belowcaptionskip=\skip42
\bibindent=\dimen102
) (/usr/local/texlive/2015/texmf-dist/tex/latex/outline/outline.sty
Package: outline 2002/08/23 Simple Outline Package
\c@@outlndepth=\count88
\@outlndepth=\count89
\c@outlni=\count90
\c@outlnii=\count91
\c@outlniii=\count92
\c@outlniv=\count93
\c@outlnv=\count94
\c@outlnvi=\count95
) (/usr/local/texlive/2015/texmf-dist/tex/latex/roboto/roboto.sty
Package: roboto 2015/09/15 (Bob Tennent) Supports Roboto fonts for all LaTeX engines.
 (/usr/local/texlive/2015/texmf-dist/tex/generic/ifxetex/ifxetex.sty
Package: ifxetex 2010/09/12 v0.6 Provides ifxetex conditional
) (/usr/local/texlive/2015/texmf-dist/tex/generic/oberdiek/ifluatex.sty
Package: ifluatex 2010/03/01 v1.3 Provides the ifluatex switch (HO)
Package ifluatex Info: LuaTeX not detected.
) (/usr/local/texlive/2015/texmf-dist/tex/latex/xkeyval/xkeyval.sty
Package: xkeyval 2014/12/03 v2.7a package option processing (HA)
 (/usr/local/texlive/2015/texmf-dist/tex/generic/xkeyval/xkeyval.tex (/usr/local/texlive/2015/texmf-dist/tex/generic/xkeyval/xkvutils.tex
\XKV@toks=\toks14
\XKV@tempa@toks=\toks15
 (/usr/local/texlive/2015/texmf-dist/tex/generic/xkeyval/keyval.tex))
\XKV@depth=\count96
File: xkeyval.tex 2014/12/03 v2.7a key=value parser (HA)
)) (/usr/local/texlive/2015/texmf-dist/tex/latex/base/textcomp.sty
Package: textcomp 2005/09/27 v1.99g Standard LaTeX package
Package textcomp Info: Sub-encoding information:
(textcomp)               5 = only ISO-Adobe without \textcurrency
(textcomp)               4 = 5 + \texteuro
(textcomp)               3 = 4 + \textohm
(textcomp)               2 = 3 + \textestimated + \textcurrency
(textcomp)               1 = TS1 - \textcircled - \t
(textcomp)               0 = TS1 (full)
(textcomp)             Font families with sub-encoding setting implement
(textcomp)             only a restricted character set as indicated.
(textcomp)             Family '?' is the default used for unknown fonts.
(textcomp)             See the documentation for details.
Package textcomp Info: Setting ? sub-encoding to TS1/1 on input line 79.
 (/usr/local/texlive/2015/texmf-dist/tex/latex/base/ts1enc.def
File: ts1enc.def 2001/06/05 v3.0e (jk/car/fm) Standard LaTeX file
)
LaTeX Info: Redefining \oldstylenums on input line 334.
Package textcomp Info: Setting cmr sub-encoding to TS1/0 on input line 349.
Package textcomp Info: Setting cmss sub-encoding to TS1/0 on input line 350.
Package textcomp Info: Setting cmtt sub-encoding to TS1/0 on input line 351.
Package textcomp Info: Setting cmvtt sub-encoding to TS1/0 on input line 352.
Package textcomp Info: Setting cmbr sub-encoding to TS1/0 on input line 353.
Package textcomp Info: Setting cmtl sub-encoding to TS1/0 on input line 354.
Package textcomp Info: Setting ccr sub-encoding to TS1/0 on input line 355.
Package textcomp Info: Setting ptm sub-encoding to TS1/4 on input line 356.
Package textcomp Info: Setting pcr sub-encoding to TS1/4 on input line 357.
Package textcomp Info: Setting phv sub-encoding to TS1/4 on input line 358.
Package textcomp Info: Setting ppl sub-encoding to TS1/3 on input line 359.
Package textcomp Info: Setting pag sub-encoding to TS1/4 on input line 360.
Package textcomp Info: Setting pbk sub-encoding to TS1/4 on input line 361.
Package textcomp Info: Setting pnc sub-encoding to TS1/4 on input line 362.
Package textcomp Info: Setting pzc sub-encoding to TS1/4 on input line 363.
Package textcomp Info: Setting bch sub-encoding to TS1/4 on input line 364.
Package textcomp Info: Setting put sub-encoding to TS1/5 on input line 365.
Package textcomp Info: Setting uag sub-encoding to TS1/5 on input line 366.
Package textcomp Info: Setting ugq sub-encoding to TS1/5 on input line 367.
Package textcomp Info: Setting ul8 sub-encoding to TS1/4 on input line 368.
Package textcomp Info: Setting ul9 sub-encoding to TS1/4 on input line 369.
Package textcomp Info: Setting augie sub-encoding to TS1/5 on input line 370.
Package textcomp Info: Setting dayrom sub-encoding to TS1/3 on input line 371.
Package textcomp Info: Setting dayroms sub-encoding to TS1/3 on input line 372.
Package textcomp Info: Setting pxr sub-encoding to TS1/0 on input line 373.
Package textcomp Info: Setting pxss sub-encoding to TS1/0 on input line 374.
Package textcomp Info: Setting pxtt sub-encoding to TS1/0 on input line 375.
Package textcomp Info: Setting txr sub-encoding to TS1/0 on input line 376.
Package textcomp Info: Setting txss sub-encoding to TS1/0 on input line 377.
Package textcomp Info: Setting txtt sub-encoding to TS1/0 on input line 378.
Package textcomp Info: Setting lmr sub-encoding to TS1/0 on input line 379.
Package textcomp Info: Setting lmdh sub-encoding to TS1/0 on input line 380.
Package textcomp Info: Setting lmss sub-encoding to TS1/0 on input line 381.
Package textcomp Info: Setting lmssq sub-encoding to TS1/0 on input line 382.
Package textcomp Info: Setting lmvtt sub-encoding to TS1/0 on input line 383.
Package textcomp Info: Setting lmtt sub-encoding to TS1/0 on input line 384.
Package textcomp Info: Setting qhv sub-encoding to TS1/0 on input line 385.
Package textcomp Info: Setting qag sub-encoding to TS1/0 on input line 386.
Package textcomp Info: Setting qbk sub-encoding to TS1/0 on input line 387.
Package textcomp Info: Setting qcr sub-encoding to TS1/0 on input line 388.
Package textcomp Info: Setting qcs sub-encoding to TS1/0 on input line 389.
Package textcomp Info: Setting qpl sub-encoding to TS1/0 on input line 390.
Package textcomp Info: Setting qtm sub-encoding to TS1/0 on input line 391.
Package textcomp Info: Setting qzc sub-encoding to TS1/0 on input line 392.
Package textcomp Info: Setting qhvc sub-encoding to TS1/0 on input line 393.
Package textcomp Info: Setting futs sub-encoding to TS1/4 on input line 394.
Package textcomp Info: Setting futx sub-encoding to TS1/4 on input line 395.
Package textcomp Info: Setting futj sub-encoding to TS1/4 on input line 396.
Package textcomp Info: Setting hlh sub-encoding to TS1/3 on input line 397.
Package textcomp Info: Setting hls sub-encoding to TS1/3 on input line 398.
Package textcomp Info: Setting hlst sub-encoding to TS1/3 on input line 399.
Package textcomp Info: Setting hlct sub-encoding to TS1/5 on input line 400.
Package textcomp Info: Setting hlx sub-encoding to TS1/5 on input line 401.
Package textcomp Info: Setting hlce sub-encoding to TS1/5 on input line 402.
Package textcomp Info: Setting hlcn sub-encoding to TS1/5 on input line 403.
Package textcomp Info: Setting hlcw sub-encoding to TS1/5 on input line 404.
Package textcomp Info: Setting hlcf sub-encoding to TS1/5 on input line 405.
Package textcomp Info: Setting pplx sub-encoding to TS1/3 on input line 406.
Package textcomp Info: Setting pplj sub-encoding to TS1/3 on input line 407.
Package textcomp Info: Setting ptmx sub-encoding to TS1/4 on input line 408.
Package textcomp Info: Setting ptmj sub-encoding to TS1/4 on input line 409.
) (/usr/local/texlive/2015/texmf-dist/tex/latex/base/fontenc.sty
Package: fontenc 2005/09/27 v1.99g Standard LaTeX package
) (/usr/local/texlive/2015/texmf-dist/tex/latex/fontaxes/fontaxes.sty
Package: fontaxes 2014/03/23 v1.0d Font selection axes
LaTeX Info: Redefining \upshape on input line 29.
LaTeX Info: Redefining \itshape on input line 31.
LaTeX Info: Redefining \slshape on input line 33.
LaTeX Info: Redefining \scshape on input line 37.
) (/usr/local/texlive/2015/texmf-dist/tex/latex/mweights/mweights.sty
Package: mweights 2013/07/21 (Bob Tennent) Support package for multiple-weight font packages. 
LaTeX Info: Redefining \bfseries on input line 22.
LaTeX Info: Redefining \mdseries on input line 29.
LaTeX Info: Redefining \rmfamily on input line 36.
LaTeX Info: Redefining \sffamily on input line 53.
LaTeX Info: Redefining \ttfamily on input line 70.
)
LaTeX Info: Redefining \oldstylenums on input line 188.
) (/usr/local/texlive/2015/texmf-dist/tex/latex/pmgraph/pmgraph.sty
\@dimenA=\dimen103
\@dimenB=\dimen104
\@dimenC=\dimen105
\@dimenD=\dimen106
) (/usr/local/texlive/2015/texmf-dist/tex/generic/ulem/ulem.sty
\UL@box=\box26
\UL@hyphenbox=\box27
\UL@skip=\skip43
\UL@hook=\toks16
\UL@height=\dimen107
\UL@pe=\count97
\UL@pixel=\dimen108
\ULC@box=\box28
Package: ulem 2012/05/18
\ULdepth=\dimen109
) (/usr/local/texlive/2015/texmf-dist/tex/latex/listings/listings.sty
\lst@mode=\count98
\lst@gtempboxa=\box29
\lst@token=\toks17
\lst@length=\count99
\lst@currlwidth=\dimen110
\lst@column=\count100
\lst@pos=\count101
\lst@lostspace=\dimen111
\lst@width=\dimen112
\lst@newlines=\count102
\lst@lineno=\count103
\lst@maxwidth=\dimen113
 (/usr/local/texlive/2015/texmf-dist/tex/latex/listings/lstmisc.sty
File: lstmisc.sty 2015/06/04 1.6 (Carsten Heinz)
\c@lstnumber=\count104
\lst@skipnumbers=\count105
\lst@framebox=\box30
) (/usr/local/texlive/2015/texmf-dist/tex/latex/listings/listings.cfg
File: listings.cfg 2015/06/04 1.6 listings configuration
))
Package: listings 2015/06/04 1.6 (Carsten Heinz)
 (/usr/local/texlive/2015/texmf-dist/tex/latex/geometry/geometry.sty
Package: geometry 2010/09/12 v5.6 Page Geometry
 (/usr/local/texlive/2015/texmf-dist/tex/generic/oberdiek/ifpdf.sty
Package: ifpdf 2011/01/30 v2.3 Provides the ifpdf switch (HO)
Package ifpdf Info: pdfTeX in PDF mode is detected.
) (/usr/local/texlive/2015/texmf-dist/tex/generic/oberdiek/ifvtex.sty
Package: ifvtex 2010/03/01 v1.5 Detect VTeX and its facilities (HO)
Package ifvtex Info: VTeX not detected.
)
\Gm@cnth=\count106
\Gm@cntv=\count107
\c@Gm@tempcnt=\count108
\Gm@bindingoffset=\dimen114
\Gm@wd@mp=\dimen115
\Gm@odd@mp=\dimen116
\Gm@even@mp=\dimen117
\Gm@layoutwidth=\dimen118
\Gm@layoutheight=\dimen119
\Gm@layouthoffset=\dimen120
\Gm@layoutvoffset=\dimen121
\Gm@dimlist=\toks18
) (/usr/local/texlive/2015/texmf-dist/tex/latex/float/float.sty
Package: float 2001/11/08 v1.3d Float enhancements (AL)
\c@float@type=\count109
\float@exts=\toks19
\float@box=\box31
\@float@everytoks=\toks20
\@floatcapt=\box32
) (/usr/local/texlive/2015/texmf-dist/tex/latex/tools/longtable.sty
Package: longtable 2014/10/28 v4.11 Multi-page Table package (DPC)
\LTleft=\skip44
\LTright=\skip45
\LTpre=\skip46
\LTpost=\skip47
\LTchunksize=\count110
\LTcapwidth=\dimen122
\LT@head=\box33
\LT@firsthead=\box34
\LT@foot=\box35
\LT@lastfoot=\box36
\LT@cols=\count111
\LT@rows=\count112
\c@LT@tables=\count113
\c@LT@chunks=\count114
\LT@p@ftn=\toks21
) (/usr/local/texlive/2015/texmf-dist/tex/latex/graphics/graphicx.sty
Package: graphicx 2014/10/28 v1.0g Enhanced LaTeX Graphics (DPC,SPQR)
 (/usr/local/texlive/2015/texmf-dist/tex/latex/graphics/graphics.sty
Package: graphics 2016/01/03 v1.0q Standard LaTeX Graphics (DPC,SPQR)
 (/usr/local/texlive/2015/texmf-dist/tex/latex/graphics/trig.sty
Package: trig 2016/01/03 v1.10 sin cos tan (DPC)
) (/usr/local/texlive/2015/texmf-dist/tex/latex/latexconfig/graphics.cfg
File: graphics.cfg 2010/04/23 v1.9 graphics configuration of TeX Live
)
Package graphics Info: Driver file: pdftex.def on input line 95.
 (/usr/local/texlive/2015/texmf-dist/tex/latex/pdftex-def/pdftex.def
File: pdftex.def 2011/05/27 v0.06d Graphics/color for pdfTeX
 (/usr/local/texlive/2015/texmf-dist/tex/generic/oberdiek/infwarerr.sty
Package: infwarerr 2010/04/08 v1.3 Providing info/warning/error messages (HO)
)
(/usr/local/texlive/2015/texmf-dist/tex/generic/oberdiek/ltxcmds.sty
Package: ltxcmds 2011/11/09 v1.22 LaTeX kernel commands for general use (HO)
)
\Gread@gobject=\count115
))
\Gin@req@height=\dimen123
\Gin@req@width=\dimen124
) (/usr/local/texlive/2015/texmf-dist/tex/latex/listings/lstlang1.sty
File: lstlang1.sty 2015/06/04 1.6 listings language file
) (/Users/tsmoffat/Documents/Comp4ProjectReport/SystemMaintenance/.texpadtmp/SystemMaintenance.aux)
\openout1 = `SystemMaintenance.aux'.

LaTeX Font Info:    Checking defaults for OML/cmm/m/it on input line 24.
LaTeX Font Info:    ... okay on input line 24.
LaTeX Font Info:    Checking defaults for T1/cmr/m/n on input line 24.
LaTeX Font Info:    ... okay on input line 24.
LaTeX Font Info:    Checking defaults for OT1/cmr/m/n on input line 24.
LaTeX Font Info:    ... okay on input line 24.
LaTeX Font Info:    Checking defaults for OMS/cmsy/m/n on input line 24.
LaTeX Font Info:    ... okay on input line 24.
LaTeX Font Info:    Checking defaults for OMX/cmex/m/n on input line 24.
LaTeX Font Info:    ... okay on input line 24.
LaTeX Font Info:    Checking defaults for U/cmr/m/n on input line 24.
LaTeX Font Info:    ... okay on input line 24.
LaTeX Font Info:    Checking defaults for TS1/cmr/m/n on input line 24.
LaTeX Font Info:    Try loading font information for TS1+cmr on input line 24.
 (/usr/local/texlive/2015/texmf-dist/tex/latex/base/ts1cmr.fd
File: ts1cmr.fd 2014/09/29 v2.5h Standard LaTeX font definitions
)
LaTeX Font Info:    ... okay on input line 24.
LaTeX Font Info:    Try loading font information for OT1+Roboto-LF on input line 24.
 (/usr/local/texlive/2015/texmf-dist/tex/latex/roboto/OT1Roboto-LF.fd
File: OT1Roboto-LF.fd 2015/09/15 (autoinst) Font definitions for OT1/Roboto-LF.
)
LaTeX Font Info:    Font shape `OT1/Roboto-LF/m/n' will be
(Font)              scaled to size 10.95pt on input line 24.
\c@mv@tabular=\count116
\c@mv@boldtabular=\count117
\c@lstlisting=\count118

*geometry* driver: auto-detecting
*geometry* detected driver: pdftex
*geometry* verbose mode - [ preamble ] result:
* driver: pdftex
* paper: <default>
* layout: <same size as paper>
* layoutoffset:(h,v)=(0.0pt,0.0pt)
* modes: 
* h-part:(L,W,R)=(92.14519pt, 430.00462pt, 92.14519pt)
* v-part:(T,H,B)=(95.39737pt, 556.47656pt, 143.09605pt)
* \paperwidth=614.295pt
* \paperheight=794.96999pt
* \textwidth=469.75499pt
* \textheight=614.295pt
* \oddsidemargin=0.0pt
* \evensidemargin=0.0pt
* \topmargin=0.0pt
* \headheight=12.0pt
* \headsep=-18.06749pt
* \topskip=11.0pt
* \footskip=30.0pt
* \marginparwidth=59.0pt
* \marginparsep=10.0pt
* \columnsep=10.0pt
* \skip\footins=10.0pt plus 4.0pt minus 2.0pt
* \hoffset=0.0pt
* \voffset=0.0pt
* \mag=1000
* \@twocolumnfalse
* \@twosidefalse
* \@mparswitchfalse
* \@reversemarginfalse
* (1in=72.27pt=25.4mm, 1cm=28.453pt)

(/usr/local/texlive/2015/texmf-dist/tex/context/base/supp-pdf.mkii
[Loading MPS to PDF converter (version 2006.09.02).]
\scratchcounter=\count119
\scratchdimen=\dimen125
\scratchbox=\box37
\nofMPsegments=\count120
\nofMParguments=\count121
\everyMPshowfont=\toks22
\MPscratchCnt=\count122
\MPscratchDim=\dimen126
\MPnumerator=\count123
\makeMPintoPDFobject=\count124
\everyMPtoPDFconversion=\toks23
) (/usr/local/texlive/2015/texmf-dist/tex/generic/oberdiek/pdftexcmds.sty
Package: pdftexcmds 2011/11/29 v0.20 Utility functions of pdfTeX for LuaTeX (HO)
Package pdftexcmds Info: LuaTeX not detected.
Package pdftexcmds Info: \pdf@primitive is available.
Package pdftexcmds Info: \pdf@ifprimitive is available.
Package pdftexcmds Info: \pdfdraftmode found.
) (/usr/local/texlive/2015/texmf-dist/tex/latex/oberdiek/epstopdf-base.sty
Package: epstopdf-base 2010/02/09 v2.5 Base part for package epstopdf
 (/usr/local/texlive/2015/texmf-dist/tex/latex/oberdiek/grfext.sty
Package: grfext 2010/08/19 v1.1 Manage graphics extensions (HO)
 (/usr/local/texlive/2015/texmf-dist/tex/generic/oberdiek/kvdefinekeys.sty
Package: kvdefinekeys 2011/04/07 v1.3 Define keys (HO)
)) (/usr/local/texlive/2015/texmf-dist/tex/latex/oberdiek/kvoptions.sty
Package: kvoptions 2011/06/30 v3.11 Key value format for package options (HO)
 (/usr/local/texlive/2015/texmf-dist/tex/generic/oberdiek/kvsetkeys.sty
Package: kvsetkeys 2012/04/25 v1.16 Key value parser (HO)
 (/usr/local/texlive/2015/texmf-dist/tex/generic/oberdiek/etexcmds.sty
Package: etexcmds 2011/02/16 v1.5 Avoid name clashes with e-TeX commands (HO)
Package etexcmds Info: Could not find \expanded.
(etexcmds)             That can mean that you are not using pdfTeX 1.50 or
(etexcmds)             that some package has redefined \expanded.
(etexcmds)             In the latter case, load this package earlier.
)))
Package grfext Info: Graphics extension search list:
(grfext)             [.png,.pdf,.jpg,.mps,.jpeg,.jbig2,.jb2,.PNG,.PDF,.JPG,.JPEG,.JBIG2,.JB2,.eps]
(grfext)             \AppendGraphicsExtensions on input line 452.
 (/usr/local/texlive/2015/texmf-dist/tex/latex/latexconfig/epstopdf-sys.cfg
File: epstopdf-sys.cfg 2010/07/13 v1.3 Configuration of (r)epstopdf for TeX Live
))
LaTeX Font Info:    Font shape `OT1/Roboto-LF/m/n' will be
(Font)              scaled to size 17.28pt on input line 26.
LaTeX Font Info:    Font shape `OT1/Roboto-LF/b/n' will be
(Font)              scaled to size 17.28pt on input line 26.
LaTeX Font Info:    Font shape `OT1/Roboto-LF/m/n' will be
(Font)              scaled to size 12.0pt on input line 26.
LaTeX Font Info:    External font `cmex10' loaded for size
(Font)              <12> on input line 26.
LaTeX Font Info:    External font `cmex10' loaded for size
(Font)              <8> on input line 26.
LaTeX Font Info:    External font `cmex10' loaded for size
(Font)              <6> on input line 26.
 [1

{/usr/local/texlive/2015/texmf-var/fonts/map/pdftex/updmap/pdftex.map}]
LaTeX Font Info:    Font shape `OT1/Roboto-LF/m/n' will be
(Font)              scaled to size 14.4pt on input line 28.
LaTeX Font Info:    Font shape `OT1/Roboto-LF/b/n' will be
(Font)              scaled to size 14.4pt on input line 28.
LaTeX Font Info:    Font shape `OT1/Roboto-LF/b/n' will be
(Font)              scaled to size 10.95pt on input line 33.
 (/usr/local/texlive/2015/texmf-dist/tex/latex/listings/lstlang1.sty
File: lstlang1.sty 2015/06/04 1.6 listings language file
) [1] (/Users/tsmoffat/kitordersystem/kitordersystem/kitordersystem/DBSearch.java
LaTeX Font Info:    Font shape `OT1/Roboto-LF/m/n' will be
(Font)              scaled to size 6.0pt on input line 50.
LaTeX Font Info:    Try loading font information for OMS+Roboto-LF on input line 50.
LaTeX Font Info:    No file OMSRoboto-LF.fd. on input line 50.


LaTeX Font Warning: Font shape `OMS/Roboto-LF/m/n' undefined
(Font)              using `OMS/cmsy/m/n' instead
(Font)              for symbol `textbraceleft' on input line 50.

LaTeX Font Info:    External font `cmex10' loaded for size
(Font)              <10.95> on input line 51.
[2])
LaTeX Font Info:    Try loading font information for TS1+Roboto-LF on input line 46.
 (/usr/local/texlive/2015/texmf-dist/tex/latex/roboto/TS1Roboto-LF.fd
File: TS1Roboto-LF.fd 2015/09/15 (autoinst) Font definitions for TS1/Roboto-LF.
)
LaTeX Font Info:    Font shape `TS1/Roboto-LF/m/n' will be
(Font)              scaled to size 10.95pt on input line 46.
 (/Users/tsmoffat/kitordersystem/kitordersystem/kitordersystem/KitOrderProper.sql [3] [4]) [5]
*geometry* verbose mode - [ newgeometry ] result:
* driver: pdftex
* paper: <default>
* layout: <same size as paper>
* layoutoffset:(h,v)=(0.0pt,0.0pt)
* modes: 
* h-part:(L,W,R)=(35.56593pt, 486.58388pt, 92.14519pt)
* v-part:(T,H,B)=(95.39737pt, 556.47656pt, 143.09605pt)
* \paperwidth=614.295pt
* \paperheight=794.96999pt
* \textwidth=486.58388pt
* \textheight=556.47656pt
* \oddsidemargin=-36.70406pt
* \evensidemargin=-36.70406pt
* \topmargin=29.19487pt
* \headheight=12.0pt
* \headsep=-18.06749pt
* \topskip=11.0pt
* \footskip=30.0pt
* \marginparwidth=59.0pt
* \marginparsep=10.0pt
* \columnsep=10.0pt
* \skip\footins=10.0pt plus 4.0pt minus 2.0pt
* \hoffset=0.0pt
* \voffset=0.0pt
* \mag=1000
* \@twocolumnfalse
* \@twosidefalse
* \@mparswitchfalse
* \@reversemarginfalse
* (1in=72.27pt=25.4mm, 1cm=28.453pt)


Overfull \hbox (23.99998pt too wide) in alignment at lines 54--59
 [] [] 
 []


Overfull \hbox (23.99998pt too wide) in alignment at lines 59--61
 [] [] 
 []


Underfull \hbox (badness 10000) in paragraph at lines 74--74
[]|\OT1/Roboto-LF/m/n/10.95 WebOrderInput
 []


Overfull \hbox (23.99998pt too wide) in alignment at lines 61--75
 [] [] 
 []


Underfull \hbox (badness 10000) in paragraph at lines 79--79
[]|\OT1/Roboto-LF/m/n/10.95 Global/Local Vari-
 []


Overfull \hbox (59.99251pt too wide) in alignment at lines 76--81
 [] [] [] [] [] 
 []


Overfull \hbox (59.99251pt too wide) in alignment at lines 81--83
 [] [] [] [] [] 
 []


Underfull \hbox (badness 10000) in paragraph at lines 84--85
[]|\OT1/Roboto-LF/m/n/10.95 Stores the search
 []


Underfull \hbox (badness 6078) in paragraph at lines 84--85
\OT1/Roboto-LF/m/n/10.95 to-ken for the DB-
 []


Underfull \hbox (badness 10000) in paragraph at lines 85--86
\OT1/Roboto-LF/m/n/10.95 for the DB-Search
 []


Underfull \hbox (badness 5832) in paragraph at lines 85--86
\OT1/Roboto-LF/m/n/10.95 and Table-ViewTest
 []


Underfull \hbox (badness 10000) in paragraph at lines 91--92
[]|\OT1/Roboto-LF/m/n/10.95 Creates a combo
 []


Underfull \hbox (badness 1859) in paragraph at lines 92--93
[]|\OT1/Roboto-LF/m/n/10.95 Creates a la-bel in-
 []


Underfull \hbox (badness 3291) in paragraph at lines 95--96
[]|\OT1/Roboto-LF/m/n/10.95 Stores re-sult as a
 []


Underfull \hbox (badness 10000) in paragraph at lines 96--97
[]|\OT1/Roboto-LF/m/n/10.95 Creates a new
 []


Underfull \hbox (badness 10000) in paragraph at lines 97--98
[]|\OT1/Roboto-LF/m/n/10.95 creates a new
 []


Underfull \hbox (badness 10000) in paragraph at lines 97--98
\OT1/Roboto-LF/m/n/10.95 CSVReader in-
 []


Underfull \hbox (badness 10000) in paragraph at lines 102--103
[]|\OT1/Roboto-LF/m/n/10.95 creates a new
 []


Overfull \hbox (59.99251pt too wide) in alignment at lines 83--104
 [] [] [] [] [] 
 []


Underfull \hbox (badness 10000) in paragraph at lines 104--105
[]|\OT1/Roboto-LF/m/n/10.95 Calls a new in-
 []


Underfull \hbox (badness 10000) in paragraph at lines 104--105
\OT1/Roboto-LF/m/n/10.95 stance of the
 []


Underfull \hbox (badness 10000) in paragraph at lines 106--107
[]|\OT1/Roboto-LF/m/n/10.95 Creates a new
 []


Underfull \hbox (badness 10000) in paragraph at lines 110--111
[]|\OT1/Roboto-LF/m/n/10.95 Stores the user-
 []


Underfull \hbox (badness 10000) in paragraph at lines 110--111
\OT1/Roboto-LF/m/n/10.95 name for the
 []


Underfull \hbox (badness 10000) in paragraph at lines 111--112
[]|\OT1/Roboto-LF/m/n/10.95 Stores the pass-
 []


Underfull \hbox (badness 10000) in paragraph at lines 111--112
\OT1/Roboto-LF/m/n/10.95 word for the
 []


Underfull \hbox (badness 3977) in paragraph at lines 112--113
\OT1/Roboto-LF/m/n/10.95 ber to ac-cess the
 []


Underfull \hbox (badness 2073) in paragraph at lines 113--114
[]|\OT1/Roboto-LF/m/n/10.95 stores the con-nec-
 []


Underfull \hbox (badness 10000) in paragraph at lines 114--114
[]|\OT1/Roboto-LF/m/n/10.95 DocumentBuilder
 []


Underfull \hbox (badness 4001) in paragraph at lines 114--115
[]|\OT1/Roboto-LF/m/n/10.95 Creates a new in-
 []


Underfull \hbox (badness 3428) in paragraph at lines 114--115
\OT1/Roboto-LF/m/n/10.95 stance of a doc-u-
 []


Underfull \hbox (badness 10000) in paragraph at lines 115--116
[]|\OT1/Roboto-LF/m/n/10.95 Creates a new
 []


Underfull \hbox (badness 10000) in paragraph at lines 115--116
\OT1/Roboto-LF/m/n/10.95 Doc-u-ment-Builder
 []


Underfull \hbox (badness 10000) in paragraph at lines 118--119
\OT1/Roboto-LF/m/n/10.95 el-e-ment from the
 []


Underfull \hbox (badness 10000) in paragraph at lines 121--122
[]|\OT1/Roboto-LF/m/n/10.95 Stores the SQL
 []


Underfull \hbox (badness 10000) in paragraph at lines 124--125
[]|\OT1/Roboto-LF/m/n/10.95 Creates a new
 []


Underfull \hbox (badness 10000) in paragraph at lines 124--125
\OT1/Roboto-LF/m/n/10.95 reader that reads
 []


Underfull \hbox (badness 3312) in paragraph at lines 124--125
\OT1/Roboto-LF/m/n/10.95 the file from SQL-
 []


Overfull \hbox (59.99251pt too wide) in alignment at lines 104--126
 [] [] [] [] [] 
 []

[6

]
Underfull \hbox (badness 10000) in paragraph at lines 129--130
[]|\OT1/Roboto-LF/m/n/10.95 creates a new
 []


Underfull \hbox (badness 10000) in paragraph at lines 132--133
[]|\OT1/Roboto-LF/m/n/10.95 Creates a new
 []


Underfull \hbox (badness 10000) in paragraph at lines 132--133
\OT1/Roboto-LF/m/n/10.95 reader to read a
 []


Underfull \hbox (badness 4084) in paragraph at lines 133--134
[]|\OT1/Roboto-LF/m/n/10.95 Gets a con-nec-tion
 []


Underfull \hbox (badness 6173) in paragraph at lines 135--136
[]|\OT1/Roboto-LF/m/n/10.95 Stores the cur-rent
 []


Overfull \hbox (55.48288pt too wide) in paragraph at lines 140--140
[]|\OT1/Roboto-LF/m/n/10.95 ObservableList<ObservableList>| 
 []


Underfull \hbox (badness 10000) in paragraph at lines 140--141
[]|\OT1/Roboto-LF/m/n/10.95 Creates a new
 []


Overfull \hbox (21.33865pt too wide) in paragraph at lines 140--141
\OT1/Roboto-LF/m/n/10.95 ableList<ObservableList>| 
 []


Underfull \hbox (badness 10000) in paragraph at lines 141--142
[]|\OT1/Roboto-LF/m/n/10.95 Stores SQL state-
 []


Underfull \hbox (badness 1515) in paragraph at lines 144--145
[]|\OT1/Roboto-LF/m/n/10.95 Creates a new Re-
 []


Underfull \hbox (badness 2591) in paragraph at lines 144--145
\OT1/Roboto-LF/m/n/10.95 from the database
 []


Underfull \hbox (badness 10000) in paragraph at lines 145--146
[]|\OT1/Roboto-LF/m/n/10.95 Creates a new
 []


Underfull \hbox (badness 10000) in paragraph at lines 146--146
[]|\OT1/Roboto-LF/m/n/10.95 ObservableList
 []


Underfull \hbox (badness 2027) in paragraph at lines 146--147
[]|\OT1/Roboto-LF/m/n/10.95 Creates a new list
 []


Underfull \hbox (badness 10000) in paragraph at lines 146--147
\OT1/Roboto-LF/m/n/10.95 of type Ob-serv-
 []


Overfull \hbox (59.99251pt too wide) in alignment at lines 126--148
 [] [] [] [] [] 
 []

[7] [8]
Underfull \hbox (badness 10000) in paragraph at lines 151--152
[]|\OT1/Roboto-LF/m/n/10.95 creates a new
 []


Underfull \hbox (badness 10000) in paragraph at lines 156--157
[]|\OT1/Roboto-LF/m/n/10.95 Stores SQL state-
 []


Underfull \hbox (badness 10000) in paragraph at lines 157--158
[]|\OT1/Roboto-LF/m/n/10.95 Stores the search
 []


Underfull \hbox (badness 1515) in paragraph at lines 160--161
[]|\OT1/Roboto-LF/m/n/10.95 Creates a new Re-
 []


Underfull \hbox (badness 2591) in paragraph at lines 160--161
\OT1/Roboto-LF/m/n/10.95 from the database
 []


Underfull \hbox (badness 10000) in paragraph at lines 161--162
[]|\OT1/Roboto-LF/m/n/10.95 Creates a new
 []


Underfull \hbox (badness 10000) in paragraph at lines 162--162
[]|\OT1/Roboto-LF/m/n/10.95 ObservableList
 []


Underfull \hbox (badness 10000) in paragraph at lines 167--168
[]|\OT1/Roboto-LF/m/n/10.95 creates a new
 []


Overfull \hbox (59.99251pt too wide) in alignment at lines 148--169
 [] [] [] [] [] 
 []

[9]
Underfull \hbox (badness 2020) in paragraph at lines 170--171
[]|\OT1/Roboto-LF/m/n/10.95 Stores the path to
 []


Underfull \hbox (badness 7888) in paragraph at lines 171--172
\OT1/Roboto-LF/m/n/10.95 de-tails to ex-e-cute
 []


Underfull \hbox (badness 10000) in paragraph at lines 175--176
[]|\OT1/Roboto-LF/m/n/10.95 Stores the whole
 []


Underfull \hbox (badness 4378) in paragraph at lines 176--177
[]|\OT1/Roboto-LF/m/n/10.95 Gets the root el-e-
 []


Underfull \hbox (badness 3396) in paragraph at lines 178--179
[]|\OT1/Roboto-LF/m/n/10.95 Gets the database
 []


Underfull \hbox (badness 1286) in paragraph at lines 180--181
[]|\OT1/Roboto-LF/m/n/10.95 Gets the pass-word
 []


Underfull \hbox (badness 2205) in paragraph at lines 182--183
[]|\OT1/Roboto-LF/m/n/10.95 Gets the server IP
 []


Underfull \hbox (badness 10000) in paragraph at lines 182--183
\OT1/Roboto-LF/m/n/10.95 ad-dress from the
 []


Underfull \hbox (badness 4084) in paragraph at lines 183--184
[]|\OT1/Roboto-LF/m/n/10.95 Gets a con-nec-tion
 []


Underfull \hbox (badness 10000) in paragraph at lines 184--185
[]|\OT1/Roboto-LF/m/n/10.95 Creates a cur-sor
 []


Underfull \hbox (badness 10000) in paragraph at lines 184--185
\OT1/Roboto-LF/m/n/10.95 to nav-i-gate the
 []


Underfull \hbox (badness 2237) in paragraph at lines 186--187
\OT1/Roboto-LF/m/n/10.95 sheet in the work-
 []


Underfull \hbox (badness 10000) in paragraph at lines 187--188
[]|\OT1/Roboto-LF/m/n/10.95 Stores how many
 []


Underfull \hbox (badness 10000) in paragraph at lines 187--188
\OT1/Roboto-LF/m/n/10.95 times the cy-cle
 []


Underfull \hbox (badness 10000) in paragraph at lines 187--188
\OT1/Roboto-LF/m/n/10.95 has been it-er-ated
 []


Underfull \hbox (badness 6173) in paragraph at lines 189--190
[]|\OT1/Roboto-LF/m/n/10.95 Stores the cur-rent
 []


Underfull \hbox (badness 6173) in paragraph at lines 190--191
[]|\OT1/Roboto-LF/m/n/10.95 Stores the cur-rent
 []


Overfull \hbox (59.99251pt too wide) in alignment at lines 169--191
 [] [] [] [] [] 
 []

[10]
Underfull \hbox (badness 10000) in paragraph at lines 194--195
[]|\OT1/Roboto-LF/m/n/10.95 Stores which row
 []


Underfull \hbox (badness 4752) in paragraph at lines 197--198
[]|\OT1/Roboto-LF/m/n/10.95 Stores dbms from
 []


Underfull \hbox (badness 10000) in paragraph at lines 198--199
[]|\OT1/Roboto-LF/m/n/10.95 Stores database
 []


Underfull \hbox (badness 10000) in paragraph at lines 199--200
[]|\OT1/Roboto-LF/m/n/10.95 Stores user-name
 []


Underfull \hbox (badness 10000) in paragraph at lines 200--201
[]|\OT1/Roboto-LF/m/n/10.95 Stores pass-word
 []


Underfull \hbox (badness 10000) in paragraph at lines 201--202
[]|\OT1/Roboto-LF/m/n/10.95 Stores the string
 []


Underfull \hbox (badness 7397) in paragraph at lines 201--202
\OT1/Roboto-LF/m/n/10.95 port num-ber from
 []


Underfull \hbox (badness 10000) in paragraph at lines 204--205
[]|\OT1/Roboto-LF/m/n/10.95 Stores con-nec-tion
 []


Underfull \hbox (badness 4995) in paragraph at lines 205--206
[]|\OT1/Roboto-LF/m/n/10.95 Stores name from
 []


Underfull \hbox (badness 6173) in paragraph at lines 206--207
[]|\OT1/Roboto-LF/m/n/10.95 Stores email from
 []


Underfull \hbox (badness 1990) in paragraph at lines 207--208
[]|\OT1/Roboto-LF/m/n/10.95 Stores squad from
 []


Underfull \hbox (badness 10000) in paragraph at lines 208--209
[]|\OT1/Roboto-LF/m/n/10.95 Stores pay-ment
 []


Underfull \hbox (badness 6758) in paragraph at lines 208--209
\OT1/Roboto-LF/m/n/10.95 method from web
 []


Underfull \hbox (badness 10000) in paragraph at lines 209--209
[]|\TS1/Roboto-LF/m/n/10.95 $[]\OT1/Roboto-LF/m/n/10.95 SESSION
 []


Underfull \hbox (badness 10000) in paragraph at lines 209--210
[]|\OT1/Roboto-LF/m/n/10.95 Stores paymethod
 []


Underfull \hbox (badness 2913) in paragraph at lines 209--210
\OT1/Roboto-LF/m/n/10.95 as a Ses-sion vari-
 []


Underfull \hbox (badness 10000) in paragraph at lines 210--211
[]|\OT1/Roboto-LF/m/n/10.95 Stores SQL state-
 []


Underfull \hbox (badness 10000) in paragraph at lines 211--212
[]|\OT1/Roboto-LF/m/n/10.95 Stores SQL state-
 []


Overfull \hbox (59.99251pt too wide) in alignment at lines 191--212
 [] [] [] [] [] 
 []

[11] [12]
Underfull \hbox (badness 4752) in paragraph at lines 216--217
[]|\OT1/Roboto-LF/m/n/10.95 Stores dbms from
 []


Underfull \hbox (badness 10000) in paragraph at lines 217--218
[]|\OT1/Roboto-LF/m/n/10.95 Stores database
 []


Underfull \hbox (badness 10000) in paragraph at lines 218--219
[]|\OT1/Roboto-LF/m/n/10.95 Stores user-name
 []


Underfull \hbox (badness 10000) in paragraph at lines 219--220
[]|\OT1/Roboto-LF/m/n/10.95 Stores pass-word
 []


Underfull \hbox (badness 10000) in paragraph at lines 220--221
[]|\OT1/Roboto-LF/m/n/10.95 Stores the string
 []


Underfull \hbox (badness 7397) in paragraph at lines 220--221
\OT1/Roboto-LF/m/n/10.95 port num-ber from
 []


Underfull \hbox (badness 10000) in paragraph at lines 223--224
[]|\OT1/Roboto-LF/m/n/10.95 Stores con-nec-tion
 []


Underfull \hbox (badness 10000) in paragraph at lines 225--226
[]|\OT1/Roboto-LF/m/n/10.95 Stores quan-tity
 []


Underfull \hbox (badness 10000) in paragraph at lines 225--226
\OT1/Roboto-LF/m/n/10.95 for ma-nip-u-la-tion
 []


Underfull \hbox (badness 2980) in paragraph at lines 226--227
[]|\OT1/Roboto-LF/m/n/10.95 Stores quan-tity or-
 []


Underfull \hbox (badness 1033) in paragraph at lines 228--229
[]|\OT1/Roboto-LF/m/n/10.95 Stores name to be
 []


Underfull \hbox (badness 10000) in paragraph at lines 229--230
[]|\OT1/Roboto-LF/m/n/10.95 Stores whether
 []


Underfull \hbox (badness 10000) in paragraph at lines 229--230
\OT1/Roboto-LF/m/n/10.95 for ma-nip-u-la-tion
 []


Underfull \hbox (badness 10000) in paragraph at lines 231--232
[]|\OT1/Roboto-LF/m/n/10.95 Stores pay-ment
 []


Underfull \hbox (badness 10000) in paragraph at lines 231--232
\OT1/Roboto-LF/m/n/10.95 method from db-
 []


Underfull \hbox (badness 1102) in paragraph at lines 232--233
[]|\OT1/Roboto-LF/m/n/10.95 Creates SQL State-
 []


Overfull \hbox (59.99251pt too wide) in alignment at lines 212--233
 [] [] [] [] [] 
 []

[13]
Underfull \hbox (badness 10000) in paragraph at lines 233--234
[]|\OT1/Roboto-LF/m/n/10.95 Stores cus-tomer
 []


Underfull \hbox (badness 10000) in paragraph at lines 233--234
\OT1/Roboto-LF/m/n/10.95 ID from db-cus-
 []


Underfull \hbox (badness 10000) in paragraph at lines 233--234
\OT1/Roboto-LF/m/n/10.95 tomerup-date, was
 []


Underfull \hbox (badness 5924) in paragraph at lines 233--234
\OT1/Roboto-LF/m/n/10.95 orig-i-nally used for
 []


Underfull \hbox (badness 10000) in paragraph at lines 233--234
\OT1/Roboto-LF/m/n/10.95 ma-nip-u-la-tion but
 []


Underfull \hbox (badness 10000) in paragraph at lines 234--235
[]|\OT1/Roboto-LF/m/n/10.95 Stores cus-tomer
 []


Underfull \hbox (badness 10000) in paragraph at lines 234--235
\OT1/Roboto-LF/m/n/10.95 ID from db-cus-
 []


Underfull \hbox (badness 10000) in paragraph at lines 235--236
[]|\OT1/Roboto-LF/m/n/10.95 Gets ID of the
 []


Underfull \hbox (badness 4518) in paragraph at lines 235--236
\OT1/Roboto-LF/m/n/10.95 item or-dered, was
 []


Underfull \hbox (badness 5924) in paragraph at lines 235--236
\OT1/Roboto-LF/m/n/10.95 orig-i-nally used for
 []


Underfull \hbox (badness 10000) in paragraph at lines 235--236
\OT1/Roboto-LF/m/n/10.95 ma-nip-u-la-tion but
 []


Underfull \hbox (badness 10000) in paragraph at lines 238--239
[]|\OT1/Roboto-LF/m/n/10.95 Stores se-ri-al-ized
 []


Underfull \hbox (badness 10000) in paragraph at lines 240--241
[]|\OT1/Roboto-LF/m/n/10.95 Stores se-ri-al-ized
 []


Overfull \hbox (59.99251pt too wide) in alignment at lines 233--241
 [] [] [] [] [] 
 []

[14] [15] [16] <Figures/MainMenu.png, id=60, 413.545pt x 410.53375pt>
File: Figures/MainMenu.png Graphic file (type png)
 <use Figures/MainMenu.png>
Package pdftex.def Info: Figures/MainMenu.png used on input line 246.
(pdftex.def)             Requested size: 206.77199pt x 205.26637pt.
 <Figures/CustomerForm.png, id=62, 1371.1225pt x 770.88pt>
File: Figures/CustomerForm.png Graphic file (type png)
 <use Figures/CustomerForm.png>
Package pdftex.def Info: Figures/CustomerForm.png used on input line 253.
(pdftex.def)             Requested size: 469.75499pt x 264.10715pt.
 <Figures/OrderForm.png, id=63, 1371.1225pt x 770.88pt>
File: Figures/OrderForm.png Graphic file (type png)
 <use Figures/OrderForm.png>
Package pdftex.def Info: Figures/OrderForm.png used on input line 260.
(pdftex.def)             Requested size: 469.75499pt x 264.10715pt.
 [17

 <./Figures/MainMenu.png> <./Figures/CustomerForm.png>] <Figures/ConfirmBox.png, id=69, 759.83875pt x 303.1325pt>
File: Figures/ConfirmBox.png Graphic file (type png)
 <use Figures/ConfirmBox.png>
Package pdftex.def Info: Figures/ConfirmBox.png used on input line 267.
(pdftex.def)             Requested size: 379.91844pt x 151.56587pt.
 <Figures/OutputTable.png, id=70, 1153.30875pt x 536.0025pt>
File: Figures/OutputTable.png Graphic file (type png)
 <use Figures/OutputTable.png>
Package pdftex.def Info: Figures/OutputTable.png used on input line 274.
(pdftex.def)             Requested size: 469.75499pt x 218.32298pt.
 <Figures/OutputExcel.png, id=71, 1483.5425pt x 860.21375pt>
File: Figures/OutputExcel.png Graphic file (type png)
 <use Figures/OutputExcel.png>
Package pdftex.def Info: Figures/OutputExcel.png used on input line 280.
(pdftex.def)             Requested size: 469.75499pt x 272.37321pt.
 [18 <./Figures/OrderForm.png> <./Figures/ConfirmBox.png>] <Figures/JavaUpdatedError.png, id=78, 670.505pt x 510.90875pt>
File: Figures/JavaUpdatedError.png Graphic file (type png)
 <use Figures/JavaUpdatedError.png>
Package pdftex.def Info: Figures/JavaUpdatedError.png used on input line 286.
(pdftex.def)             Requested size: 335.25168pt x 255.45375pt.
 [19 <./Figures/OutputTable.png> <./Figures/OutputExcel.png>] [20 <./Figures/JavaUpdatedError.png>] (/Users/tsmoffat/Documents/Comp4ProjectReport/SystemMaintenance/.texpadtmp/SystemMaintenance.aux)

LaTeX Font Warning: Some font shapes were not available, defaults substituted.

 ) 
Here is how much of TeX's memory you used:
 5496 strings out of 493033
 80565 string characters out of 6134139
 318128 words of memory out of 5000000
 8929 multiletter control sequences out of 15000+600000
 18397 words of font info for 37 fonts, out of 8000000 for 9000
 1141 hyphenation exceptions out of 8191
 37i,7n,72p,2447b,1571s stack positions out of 5000i,500n,10000p,200000b,80000s
{/usr/local/texlive/2015/texmf-dist/fonts/enc/dvips/roboto/rbto_bergpl.enc}{/usr/local/texlive/2015/texmf-dist/fonts/enc/dvips/roboto/rbto_oa6oe5.enc}</usr/local/texlive/2015/texmf-dist/fonts/type1/google/roboto/Roboto-Bold.pfb></usr/local/texlive/2015/texmf-dist/fonts/type1/google/roboto/Roboto-Regular.pfb></usr/local/texlive/2015/texmf-dist/fonts/type1/public/amsfonts/cm/cmsy10.pfb>
Output written on /Users/tsmoffat/Documents/Comp4ProjectReport/SystemMaintenance/.texpadtmp/SystemMaintenance.pdf (21 pages, 484766 bytes).
PDF statistics:
 103 PDF objects out of 1000 (max. 8388607)
 62 compressed objects within 1 object stream
 0 named destinations out of 1000 (max. 500000)
 36 words of extra memory for PDF output out of 10000 (max. 10000000)

