\BOOKMARK [1][-]{section.1}{1\040Analysis}{}% 1
\BOOKMARK [2][-]{subsection.1.1}{1.1\040Background\040to\040and\040Identification\040of\040the\040Problem}{section.1}% 2
\BOOKMARK [2][-]{subsection.1.2}{1.2\040Interview\040With\040Primary\040User}{section.1}% 3
\BOOKMARK [2][-]{subsection.1.3}{1.3\040The\040Current\040System}{section.1}% 4
\BOOKMARK [2][-]{subsection.1.4}{1.4\040Prospective\040Users}{section.1}% 5
\BOOKMARK [2][-]{subsection.1.5}{1.5\040User\040Needs\040and\040Acceptable\040Limitations}{section.1}% 6
\BOOKMARK [2][-]{subsection.1.6}{1.6\040Data\040Sources\040and\040Destinations}{section.1}% 7
\BOOKMARK [2][-]{subsection.1.7}{1.7\040Data\040Volumes\040and\040Data\040Dictionaries}{section.1}% 8
\BOOKMARK [2][-]{subsection.1.8}{1.8\040Data\040Flow\040Diagrams}{section.1}% 9
\BOOKMARK [2][-]{subsection.1.9}{1.9\040Entity\040Relationship\040Models}{section.1}% 10
\BOOKMARK [2][-]{subsection.1.10}{1.10\040Entity\040Description}{section.1}% 11
\BOOKMARK [2][-]{subsection.1.11}{1.11\040Objectives\040for\040the\040Proposed\040System}{section.1}% 12
\BOOKMARK [2][-]{subsection.1.12}{1.12\040Potential\040Solutions}{section.1}% 13
\BOOKMARK [2][-]{subsection.1.13}{1.13\040Feasibility\040of\040Potential\040Solutions}{section.1}% 14
\BOOKMARK [2][-]{subsection.1.14}{1.14\040Justification\040of\040Chosen\040Solution}{section.1}% 15
\BOOKMARK [1][-]{section.2}{2\040Design}{}% 16
\BOOKMARK [2][-]{subsection.2.1}{2.1\040Overall\040System\040Design}{section.2}% 17
\BOOKMARK [2][-]{subsection.2.2}{2.2\040Description\040of\040Modular\040System\040Structure}{section.2}% 18
\BOOKMARK [2][-]{subsection.2.3}{2.3\040Design\040Data\040Dictionary}{section.2}% 19
\BOOKMARK [2][-]{subsection.2.4}{2.4\040Database\040Design}{section.2}% 20
\BOOKMARK [2][-]{subsection.2.5}{2.5\040Identification\040of\040Storage\040Material\040and\040Format}{section.2}% 21
\BOOKMARK [2][-]{subsection.2.6}{2.6\040Identification\040of\040Processes\040and\040Algorithms\040for\040Data\040Transformation}{section.2}% 22
\BOOKMARK [2][-]{subsection.2.7}{2.7\040User\040Interface\040Design\040and\040Rationale}{section.2}% 23
\BOOKMARK [2][-]{subsection.2.8}{2.8\040Planned\040Data\040Capture\040and\040Entry}{section.2}% 24
\BOOKMARK [2][-]{subsection.2.9}{2.9\040Planned\040Valid\040Output\040Designs}{section.2}% 25
\BOOKMARK [2][-]{subsection.2.10}{2.10\040Measures\040Planned\040for\040Security\040and\040Integrity\040of\040Data}{section.2}% 26
\BOOKMARK [2][-]{subsection.2.11}{2.11\040Measures\040Planned\040for\040System\040Security}{section.2}% 27
\BOOKMARK [2][-]{subsection.2.12}{2.12\040Overall\040Test\040Strategy}{section.2}% 28
\BOOKMARK [1][-]{section*.20}{Appendices}{}% 29
\BOOKMARK [1][-]{Appendix.1.A}{A\040Source\040Code\040Appendix}{}% 30
